
**** Build of configuration Debug for project BlinkerCarrozzina ****

C:\ti\ccsv5\utils\bin\gmake -k all 
gmake: Nothing to be done for `all'.

**** Build Finished ****

**** Build of configuration Debug for project BlinkerCarrozzina ****

C:\ti\ccsv5\utils\bin\gmake -k all 
gmake: Nothing to be done for `all'.

**** Build Finished ****

**** Build of configuration Debug for project _MasterLibrary ****

C:\ti\ccsv5\utils\bin\gmake -k all 
'Building file: ../Timer.cpp'
'Invoking: MSP430 Compiler'
"C:/ti/ccsv5/tools/compiler/msp430_4.1.0/bin/cl430" -vmsp --abi=eabi -g --include_path="C:/ti/ccsv5/ccs_base/msp430/include" --include_path="C:/ti/ccsv5/tools/compiler/msp430_4.1.0/include" --advice:power=all --define=__MSP430G2231__ --diag_warning=225 --display_error_number --printf_support=minimal --preproc_with_compile --preproc_dependency="Timer.pp"  "../Timer.cpp"
"../Timer.cpp", line 7: remark #1535-D: (ULP 8.1) variable "cicliperdecimillesimo" is used as a constant. Recommend declaring variable as either 'static const' or 'const'
'Finished building: ../Timer.cpp'
' '
'Building target: _MasterLibrary.lib'
'Invoking: MSP430 Archiver'
"C:/ti/ccsv5/tools/compiler/msp430_4.1.0/bin/ar430" r "_MasterLibrary.lib" "./Timer.obj" "./Port.obj" "./Pin.obj" "./MasterClock.obj" "./General.obj" "./ADC10.obj" 
  ==>  new archive '_MasterLibrary.lib'
  ==>  building archive '_MasterLibrary.lib'
'Finished building target: _MasterLibrary.lib'
' '

**** Build Finished ****

**** Build of configuration Debug for project BlinkerCarrozzina ****

C:\ti\ccsv5\utils\bin\gmake -k all 
gmake: Nothing to be done for `all'.

**** Build Finished ****

**** Build of configuration Debug for project _MasterLibrary ****

C:\ti\ccsv5\utils\bin\gmake -k all 
'Building file: ../Timer.cpp'
'Invoking: MSP430 Compiler'
"C:/ti/ccsv5/tools/compiler/msp430_4.1.0/bin/cl430" -vmsp --abi=eabi -g --include_path="C:/ti/ccsv5/ccs_base/msp430/include" --include_path="C:/ti/ccsv5/tools/compiler/msp430_4.1.0/include" --advice:power=all --define=__MSP430G2231__ --diag_warning=225 --display_error_number --printf_support=minimal --preproc_with_compile --preproc_dependency="Timer.pp"  "../Timer.cpp"
"../Timer.cpp", line 13: error #20: identifier "_limit" is undefined
"../Timer.cpp", line 23: error #20: identifier "_limit" is undefined

>> Compilation failure
"../Timer.cpp", line 7: remark #1535-D: (ULP 8.1) variable "cicliperdecimillesimo" is used as a constant. Recommend declaring variable as either 'static const' or 'const'
2 errors detected in the compilation of "../Timer.cpp".
gmake: *** [Timer.obj] Error 1
gmake: Target `all' not remade because of errors.

**** Build Finished ****

**** Build of configuration Debug for project BlinkerCarrozzina ****

C:\ti\ccsv5\utils\bin\gmake -k all 
gmake: Nothing to be done for `all'.

**** Build Finished ****

**** Build of configuration Debug for project _MasterLibrary ****

C:\ti\ccsv5\utils\bin\gmake -k all 
'Building file: ../Timer.cpp'
'Invoking: MSP430 Compiler'
"C:/ti/ccsv5/tools/compiler/msp430_4.1.0/bin/cl430" -vmsp --abi=eabi -g --include_path="C:/ti/ccsv5/ccs_base/msp430/include" --include_path="C:/ti/ccsv5/tools/compiler/msp430_4.1.0/include" --advice:power=all --define=__MSP430G2231__ --diag_warning=225 --display_error_number --printf_support=minimal --preproc_with_compile --preproc_dependency="Timer.pp"  "../Timer.cpp"
"../Timer.cpp", line 12: error #247: a nonstatic member reference must be relative to a specific object
"../Timer.cpp", line 14: error #247: a nonstatic member reference must be relative to a specific object
"../Timer.cpp", line 19: error #148: declaration is incompatible with "void TimerA0::InitExternalCrystal(unsigned int, void (*)())" (declared at line 18 of "..\Timer.h")
3 errors detected in the compilation of "../Timer.cpp".

>> Compilation failure
gmake: *** [Timer.obj] Error 1
gmake: Target `all' not remade because of errors.

**** Build Finished ****

**** Build of configuration Debug for project BlinkerCarrozzina ****

C:\ti\ccsv5\utils\bin\gmake -k all 
gmake: Nothing to be done for `all'.

**** Build Finished ****

**** Build of configuration Debug for project _MasterLibrary ****

C:\ti\ccsv5\utils\bin\gmake -k all 
'Building file: ../Timer.cpp'
'Invoking: MSP430 Compiler'
"C:/ti/ccsv5/tools/compiler/msp430_4.1.0/bin/cl430" -vmsp --abi=eabi -g --include_path="C:/ti/ccsv5/ccs_base/msp430/include" --include_path="C:/ti/ccsv5/tools/compiler/msp430_4.1.0/include" --advice:power=all --define=__MSP430G2231__ --diag_warning=225 --display_error_number --printf_support=minimal --preproc_with_compile --preproc_dependency="Timer.pp"  "../Timer.cpp"
"../Timer.cpp", line 12: error #247: a nonstatic member reference must be relative to a specific object
"../Timer.cpp", line 14: error #247: a nonstatic member reference must be relative to a specific object
2 errors detected in the compilation of "../Timer.cpp".

>> Compilation failure
gmake: *** [Timer.obj] Error 1
gmake: Target `all' not remade because of errors.

**** Build Finished ****

**** Build of configuration Debug for project BlinkerCarrozzina ****

C:\ti\ccsv5\utils\bin\gmake -k all 
gmake: Nothing to be done for `all'.

**** Build Finished ****

**** Build of configuration Debug for project _MasterLibrary ****

C:\ti\ccsv5\utils\bin\gmake -k all 
'Building file: ../Timer.cpp'
'Invoking: MSP430 Compiler'
"C:/ti/ccsv5/tools/compiler/msp430_4.1.0/bin/cl430" -vmsp --abi=eabi -g --include_path="C:/ti/ccsv5/ccs_base/msp430/include" --include_path="C:/ti/ccsv5/tools/compiler/msp430_4.1.0/include" --advice:power=all --define=__MSP430G2231__ --diag_warning=225 --display_error_number --printf_support=minimal --preproc_with_compile --preproc_dependency="Timer.pp"  "../Timer.cpp"
'Finished building: ../Timer.cpp'
' '
'Building target: _MasterLibrary.lib'
'Invoking: MSP430 Archiver'
"C:/ti/ccsv5/tools/compiler/msp430_4.1.0/bin/ar430" r "_MasterLibrary.lib" "./Timer.obj" "./Port.obj" "./Pin.obj" "./MasterClock.obj" "./General.obj" "./ADC10.obj" 
  ==>  new archive '_MasterLibrary.lib'
  ==>  building archive '_MasterLibrary.lib'
'Finished building target: _MasterLibrary.lib'
' '

**** Build Finished ****

**** Clean-only build of configuration Debug for project BlinkerCarrozzina ****

C:\ti\ccsv5\utils\bin\gmake -k clean 
DEL /F  "BlinkerCarrozzina.out"
DEL /F "main.pp" 
DEL /F "main.obj" 
'Finished clean'
' '

**** Build Finished ****

**** Build of configuration Debug for project BlinkerCarrozzina ****

C:\ti\ccsv5\utils\bin\gmake -k all 
'Building file: ../main.cpp'
'Invoking: MSP430 Compiler'
"C:/ti/ccsv5/tools/compiler/msp430_4.1.0/bin/cl430" -vmsp --abi=eabi -g --include_path="C:/ti/ccsv5/ccs_base/msp430/include" --include_path="C:/ti/ccsv5/tools/compiler/msp430_4.1.0/include" --include_path="C:/Users/Frog1/MeshSynced/Lavoro/Elettronica/MSP430/Progetti/_MasterLibrary" --advice:power=all --define=__MSP430G2231__ --diag_warning=225 --display_error_number --printf_support=minimal --preproc_with_compile --preproc_dependency="main.pp"  "../main.cpp"
"../main.cpp", line 6: warning #383-D: extra ";" ignored
"../main.cpp", line 8: warning #1005-D: return type of function "main" must be "int"
"../main.cpp", line 20: remark #1527-D: (ULP 2.1) Detected SW delay loop using __delay_cycles. Recommend using a timer module instead
"../main.cpp", line 21: remark #1544-D: (ULP 13.1) Detected loop counting up. Recommend loops count down as detecting zeros is easier
"../main.cpp", line 21: remark #1527-D: (ULP 2.1) Detected SW delay loop using empty loop. Recommend using a timer module instead
"../main.cpp", line 21: remark #1544-D: (ULP 13.1) Detected loop counting up. Recommend loops count down as detecting zeros is easier
"../main.cpp", line 21: remark #1527-D: (ULP 2.1) Detected SW delay loop using empty loop. Recommend using a timer module instead
"../main.cpp", line 21: remark #1544-D: (ULP 13.1) Detected loop counting up. Recommend loops count down as detecting zeros is easier
"../main.cpp", line 21: remark #1527-D: (ULP 2.1) Detected SW delay loop using empty loop. Recommend using a timer module instead
"../main.cpp", line 21: remark #1544-D: (ULP 13.1) Detected loop counting up. Recommend loops count down as detecting zeros is easier
"../main.cpp", line 21: remark #1527-D: (ULP 2.1) Detected SW delay loop using empty loop. Recommend using a timer module instead
"../main.cpp", line 21: remark #1544-D: (ULP 13.1) Detected loop counting up. Recommend loops count down as detecting zeros is easier
"../main.cpp", line 21: remark #1527-D: (ULP 2.1) Detected SW delay loop using empty loop. Recommend using a timer module instead
'Finished building: ../main.cpp'
' '
'Building target: BlinkerCarrozzina.out'
'Invoking: MSP430 Linker'
"C:/ti/ccsv5/tools/compiler/msp430_4.1.0/bin/cl430" -vmsp --abi=eabi -g --advice:power=all --define=__MSP430G2231__ --diag_warning=225 --display_error_number --printf_support=minimal -z --stack_size=50 -m"BlinkerCarrozzina.map" --heap_size=0 -i"C:/ti/ccsv5/ccs_base/msp430/include" -i"C:/ti/ccsv5/tools/compiler/msp430_4.1.0/lib" -i"C:/ti/ccsv5/tools/compiler/msp430_4.1.0/include" --reread_libs --warn_sections --display_error_number --rom_model -o "BlinkerCarrozzina.out"  "./main.obj" -l"libc.a" "../lnk_msp430g2231.cmd" 
<Linking>
remark #10371-D: (ULP 1.1) Detected no uses of low power mode state changes
   using LPMx or _bis_SR_register() or __low_power_mode_x() in this project.
remark #10372-D: (ULP 4.1) Detected uninitialized Port 2 in this project.
   Recommend initializing all unused ports to eliminate wasted current
   consumption on unused pins.
"../lnk_msp430g2231.cmd", line 79: warning #10374-D: Interrupt vector "PORT1"
   does not have an interrupt handler routine.
"../lnk_msp430g2231.cmd", line 80: warning #10374-D: Interrupt vector "PORT2"
   does not have an interrupt handler routine.
"../lnk_msp430g2231.cmd", line 81: warning #10374-D: Interrupt vector "USI"
   does not have an interrupt handler routine.
"../lnk_msp430g2231.cmd", line 82: warning #10374-D: Interrupt vector "ADC10"
   does not have an interrupt handler routine.
"../lnk_msp430g2231.cmd", line 85: warning #10374-D: Interrupt vector "TIMERA1"
   does not have an interrupt handler routine.
"../lnk_msp430g2231.cmd", line 86: warning #10374-D: Interrupt vector "TIMERA0"
   does not have an interrupt handler routine.
"../lnk_msp430g2231.cmd", line 87: warning #10374-D: Interrupt vector "WDT"
   does not have an interrupt handler routine.
"../lnk_msp430g2231.cmd", line 91: warning #10374-D: Interrupt vector "NMI"
   does not have an interrupt handler routine.
'Finished building target: BlinkerCarrozzina.out'
' '

**** Build Finished ****
